Arguments: 
  /Users/jeong/.nvm/versions/node/v8.10.0/bin/node /Users/jeong/.npm/_npx/92449/bin/yarn start

PATH: 
  /Users/jeong/.npm/_npx/92449/bin:/Users/jeong/Documents/study/TypeChain/node_modules/.bin:/Users/jeong/.nvm/versions/node/v8.10.0/bin:/usr/local/bin:/usr/bin:/bin:/usr/sbin:/sbin:/Library/Apple/usr/bin:/Users/jeong/.nvm/versions/node/v8.10.0/bin

Yarn version: 
  1.22.5

Node version: 
  8.10.0

Platform: 
  darwin x64

Trace: 
  SyntaxError: /Users/jeong/Documents/study/TypeChain/package.json: Unexpected token } in JSON at position 128
      at JSON.parse (<anonymous>)
      at /Users/jeong/.npm/_npx/92449/lib/node_modules/yarn/lib/cli.js:1625:59
      at Generator.next (<anonymous>)
      at step (/Users/jeong/.npm/_npx/92449/lib/node_modules/yarn/lib/cli.js:310:30)
      at /Users/jeong/.npm/_npx/92449/lib/node_modules/yarn/lib/cli.js:321:13
      at <anonymous>

npm manifest: 
  {
    "dependencies": {
      "typescript": "^4.0.2"
    },
    "scripts": {
      "start": "node index.js",
      "prestart": "npx tsc",
    },
  }

yarn manifest: 
  No manifest

Lockfile: 
  # THIS IS AN AUTOGENERATED FILE. DO NOT EDIT THIS FILE DIRECTLY.
  # yarn lockfile v1
  
  
  typescript@^4.0.2:
    version "4.0.2"
    resolved "https://registry.yarnpkg.com/typescript/-/typescript-4.0.2.tgz#7ea7c88777c723c681e33bf7988be5d008d05ac2"
    integrity sha512-e4ERvRV2wb+rRZ/IQeb3jm2VxBsirQLpQhdxplZ2MEzGvDkkMmPglecnNDfSUBivMjP93vRbngYYDQqQ/78bcQ==
